<?xml version="1.0" encoding="UTF-8"?>
<!-- Generated by org.testng.reporters.JUnitReportReporter -->
<testsuite skipped="0" hostname="LAPTOP-A3NFFT5A" name="APITestCases.TC003_PUT_Request" tests="1" failures="0" timestamp="2021-10-25T21:57:17 COT" time="2.195" errors="0">
  <testcase name="testPUT" time="2.195" classname="APITestCases.TC003_PUT_Request"/>
  <system-out/>
</testsuite> <!-- APITestCases.TC003_PUT_Request -->
