<?xml version="1.0" encoding="UTF-8"?>
<!-- Generated by org.testng.reporters.JUnitReportReporter -->
<testsuite skipped="0" hostname="LAPTOP-A3NFFT5A" name="APITestCases.TC002_POST_Request" tests="1" failures="0" timestamp="2021-10-25T21:24:50 COT" time="2.389" errors="0">
  <testcase name="testPost" time="2.389" classname="APITestCases.TC002_POST_Request"/>
  <system-out/>
</testsuite> <!-- APITestCases.TC002_POST_Request -->
