<?xml version="1.0" encoding="UTF-8"?>
<!-- Generated by org.testng.reporters.JUnitReportReporter -->
<testsuite skipped="0" hostname="LAPTOP-A3NFFT5A" name="APITestCases.Demo_JSON_Validations" tests="4" failures="0" timestamp="2021-10-26T22:27:44 COT" time="4.649" errors="0">
  <testcase name="statusValidation" time="2.054" classname="APITestCases.Demo_JSON_Validations"/>
  <system-out/>
  <testcase name="getLogResponseAndSingleContent" time="0.963" classname="APITestCases.Demo_JSON_Validations"/>
  <system-out/>
  <testcase name="testMultipleContent" time="0.875" classname="APITestCases.Demo_JSON_Validations"/>
  <system-out/>
  <testcase name="setParamsAndHeaders" time="0.757" classname="APITestCases.Demo_JSON_Validations"/>
  <system-out/>
</testsuite> <!-- APITestCases.Demo_JSON_Validations -->
