<?xml version="1.0" encoding="UTF-8"?>
<!-- Generated by org.testng.reporters.JUnitReportReporter -->
<testsuite skipped="0" hostname="LAPTOP-A3NFFT5A" name="APITestCases.TC001_GET_Request" tests="1" failures="0" timestamp="2021-10-19T18:31:47 COT" time="2.661" errors="0">
  <testcase name="getAnUser" time="2.661" classname="APITestCases.TC001_GET_Request"/>
  <system-out/>
</testsuite> <!-- APITestCases.TC001_GET_Request -->
